<?xml version="1.0" encoding="UTF-8"?>
<!-- Generated by org.testng.reporters.JUnitReportReporter -->
<testsuite hostname="CBT-033" name="JenkinPackage.JenkinTest" tests="1" failures="0" timestamp="13 Aug 2016 10:02:20 GMT" time="19.255" errors="0">
  <testcase name="Jenkins" time="19.255" classname="JenkinPackage.JenkinTest"/>
</testsuite> <!-- JenkinPackage.JenkinTest -->
